<?xml version="1.0" encoding="UTF-8"?>
<!-- Generated by org.testng.reporters.JUnitReportReporter -->
<testsuite hostname="EPUAKHAW0730" name="com.epam.preproduction.tests.GmailMailBoxTest" tests="1" failures="0" timestamp="5 Jun 2015 10:59:03 GMT" time="92.661" errors="0">
  <testcase name="Gmail" time="92.661" classname="com.epam.preproduction.tests.GmailMailBoxTest"/>
</testsuite> <!-- com.epam.preproduction.tests.GmailMailBoxTest -->
