<?xml version="1.0" encoding="UTF-8"?>
<!-- Generated by org.testng.reporters.JUnitReportReporter -->
<testsuite hostname="EPUAKHAW0730" name="YandexTEST" tests="1" failures="0" timestamp="2 Jun 2015 10:36:27 GMT" time="41.978" errors="0">
  <testcase name="Yandex" time="41.978" classname="YandexTEST"/>
</testsuite> <!-- YandexTEST -->
