<?xml version="1.0" encoding="UTF-8"?>
<!-- Generated by org.testng.reporters.JUnitReportReporter -->
<testsuite hostname="EPUAKHAW0730" name="com.epam.preproduction.tests.YandexMailBoxTest" tests="1" failures="0" timestamp="5 Jun 2015 10:42:00 GMT" time="194.478" errors="0">
  <testcase name="Yandex" time="194.478" classname="com.epam.preproduction.tests.YandexMailBoxTest"/>
</testsuite> <!-- com.epam.preproduction.tests.YandexMailBoxTest -->
