<?xml version="1.0" encoding="UTF-8"?>
<!-- Generated by org.testng.reporters.JUnitReportReporter -->
<testsuite hostname="EPUAKHAW0730" name="com.epam.preproduction.tests.IUAMailBoxTest" tests="1" failures="0" timestamp="5 Jun 2015 11:03:15 GMT" time="52.899" errors="0">
  <testcase name="IUA" time="52.899" classname="com.epam.preproduction.tests.IUAMailBoxTest"/>
</testsuite> <!-- com.epam.preproduction.tests.IUAMailBoxTest -->
