<?xml version="1.0" encoding="UTF-8"?>
<!-- Generated by org.testng.reporters.JUnitReportReporter -->
<testsuite hostname="EPUAKHAW0730" name="IUATEST" tests="1" failures="0" timestamp="2 Jun 2015 11:41:55 GMT" time="78.356" errors="0">
  <testcase name="IUA" time="78.356" classname="IUATEST"/>
</testsuite> <!-- IUATEST -->
